#
# There is insufficient memory for the Java Runtime Environment to continue.
# Native memory allocation (mmap) failed to map 132120576 bytes for Failed to commit area from 0x0000000082400000 to 0x000000008a200000 of length 132120576.
# Possible reasons:
#   The system is out of physical RAM or swap space
#   The process is running with CompressedOops enabled, and the Java Heap may be blocking the growth of the native heap
# Possible solutions:
#   Reduce memory load on the system
#   Increase physical memory or swap space
#   Check if swap backing store is full
#   Decrease Java heap size (-Xmx/-Xms)
#   Decrease number of Java threads
#   Decrease Java thread stack sizes (-Xss)
#   Set larger code cache with -XX:ReservedCodeCacheSize=
#   JVM is running with Unscaled Compressed Oops mode in which the Java heap is
#     placed in the first 4GB address space. The Java Heap base address is the
#     maximum limit for the native heap growth. Please use -XX:HeapBaseMinAddress
#     to set the Java Heap base and to place the Java Heap above 4GB virtual address.
# This output file may be truncated or incomplete.
#
#  Out of Memory Error (./open/src/hotspot/os/windows/os_windows.cpp:3315), pid=16696, tid=4108
#
# JRE version:  (14.0.2+12) (build )
# Java VM: Java HotSpot(TM) 64-Bit Server VM (14.0.2+12-46, mixed mode, sharing, tiered, compressed oops, g1 gc, windows-amd64)
# No core dump will be written. Minidumps are not enabled by default on client versions of Windows
#

---------------  S U M M A R Y ------------

Command Line: -XX:+ShowCodeDetailsInExceptionMessages App

Host: Intel(R) Core(TM) i5-9300H CPU @ 2.40GHz, 8 cores, 7G,  Windows 10 , 64 bit Build 22621 (10.0.22621.1344)
Time: Fri Mar 31 13:38:38 2023 India Standard Time elapsed time: 0 seconds (0d 0h 0m 0s)

---------------  T H R E A D  ---------------

Current thread (0x0000021faf1ba800):  JavaThread "Unknown thread" [_thread_in_vm, id=4108, stack(0x00000063db600000,0x00000063db700000)]

Stack: [0x00000063db600000,0x00000063db700000]
Native frames: (J=compiled Java code, j=interpreted, Vv=VM code, C=native code)
V  [jvm.dll+0x5f8a9a]
V  [jvm.dll+0x74247a]
V  [jvm.dll+0x743c2f]
V  [jvm.dll+0x744273]
V  [jvm.dll+0x20d288]
V  [jvm.dll+0x5f5dea]
V  [jvm.dll+0x5eac45]
V  [jvm.dll+0x2c7e9c]
V  [jvm.dll+0x2c7cd2]
V  [jvm.dll+0x2cdbbc]
V  [jvm.dll+0x313fe8]
V  [jvm.dll+0x313710]
V  [jvm.dll+0x2a092a]
V  [jvm.dll+0x2a1a79]
V  [jvm.dll+0x71fd48]
V  [jvm.dll+0x321c14]
V  [jvm.dll+0x70112c]
V  [jvm.dll+0x392def]
V  [jvm.dll+0x394e61]
C  [jli.dll+0x524b]
C  [ucrtbase.dll+0x29363]
C  [KERNEL32.DLL+0x126bd]
C  [ntdll.dll+0x5a9f8]


---------------  P R O C E S S  ---------------

Threads class SMR info:
_java_thread_list=0x00007ffa68bf3038, length=0, elements={
}

Java Threads: ( => current thread )

Other Threads:
  0x0000021faf1fa800 GCTaskThread "GC Thread#0" [stack: 0x00000063db700000,0x00000063db800000] [id=24684]
  0x0000021faf20f000 ConcurrentGCThread "G1 Main Marker" [stack: 0x00000063db800000,0x00000063db900000] [id=23312]
  0x0000021faf210800 ConcurrentGCThread "G1 Conc#0" [stack: 0x00000063db900000,0x00000063dba00000] [id=19828]

[error occurred during error reporting (printing all threads), id 0xc0000005, EXCEPTION_ACCESS_VIOLATION (0xc0000005) at pc=0x00007ffa68421257]

VM state:not at safepoint (not fully initialized)

VM Mutex/Monitor currently owned by a thread:  ([mutex/lock_event])
[0x0000021faf1b57e0] Heap_lock - owner thread: 0x0000021faf1ba800

Heap address: 0x0000000082400000, size: 2012 MB, Compressed Oops mode: 32-bit
Narrow klass base: 0x0000000000000000, Narrow klass shift: 0

GC Heap History (0 events):
No events

Deoptimization events (0 events):
No events

Classes unloaded (0 events):
No events

Classes redefined (0 events):
No events

Internal exceptions (0 events):
No events

Events (2 events):
Event: 0.008 Loaded shared library C:\Program Files\Java\jdk-14.0.2\bin\java.dll
Event: 0.009 Loaded shared library C:\Program Files\Java\jdk-14.0.2\bin\zip.dll


Dynamic libraries:
0x00007ff65b550000 - 0x00007ff65b55f000 	C:\Program Files\Java\jdk-14.0.2\bin\java.exe
0x00007ffada770000 - 0x00007ffada984000 	C:\WINDOWS\SYSTEM32\ntdll.dll
0x00007ffad9040000 - 0x00007ffad9103000 	C:\WINDOWS\System32\KERNEL32.DLL
0x00007ffad7d20000 - 0x00007ffad80bc000 	C:\WINDOWS\System32\KERNELBASE.dll
0x00007ffad8460000 - 0x00007ffad8571000 	C:\WINDOWS\System32\ucrtbase.dll
0x00007ffac8bd0000 - 0x00007ffac8be8000 	C:\Program Files\Java\jdk-14.0.2\bin\jli.dll
0x00007ffac4970000 - 0x00007ffac4985000 	C:\Program Files\Java\jdk-14.0.2\bin\VCRUNTIME140.dll
0x00007ffad9180000 - 0x00007ffad922e000 	C:\WINDOWS\System32\ADVAPI32.dll
0x00007ffad8630000 - 0x00007ffad86d7000 	C:\WINDOWS\System32\msvcrt.dll
0x00007ffad8580000 - 0x00007ffad8624000 	C:\WINDOWS\System32\sechost.dll
0x00007ffad86e0000 - 0x00007ffad87f5000 	C:\WINDOWS\System32\RPCRT4.dll
0x00007ffad8ca0000 - 0x00007ffad8e4d000 	C:\WINDOWS\System32\USER32.dll
0x00007ffad7c70000 - 0x00007ffad7c96000 	C:\WINDOWS\System32\win32u.dll
0x00007ffac5c10000 - 0x00007ffac5e9e000 	C:\WINDOWS\WinSxS\amd64_microsoft.windows.common-controls_6595b64144ccf1df_6.0.22621.608_none_a9444ca7c10bb01d\COMCTL32.dll
0x00007ffad8f80000 - 0x00007ffad8fa9000 	C:\WINDOWS\System32\GDI32.dll
0x00007ffad80c0000 - 0x00007ffad81d3000 	C:\WINDOWS\System32\gdi32full.dll
0x00007ffad8250000 - 0x00007ffad82ea000 	C:\WINDOWS\System32\msvcp_win.dll
0x00007fface640000 - 0x00007fface64a000 	C:\WINDOWS\SYSTEM32\VERSION.dll
0x00007ffada6f0000 - 0x00007ffada721000 	C:\WINDOWS\System32\IMM32.DLL
0x00007ffac1180000 - 0x00007ffac121b000 	C:\Program Files\Java\jdk-14.0.2\bin\msvcp140.dll
0x00007ffa68170000 - 0x00007ffa68c8e000 	C:\Program Files\Java\jdk-14.0.2\bin\server\jvm.dll
0x00007ffad9170000 - 0x00007ffad9178000 	C:\WINDOWS\System32\PSAPI.DLL
0x00007ffa64020000 - 0x00007ffa64029000 	C:\WINDOWS\SYSTEM32\WSOCK32.dll
0x00007ffacfc20000 - 0x00007ffacfc54000 	C:\WINDOWS\SYSTEM32\WINMM.dll
0x00007ffad8f00000 - 0x00007ffad8f71000 	C:\WINDOWS\System32\WS2_32.dll
0x00007ffad6cf0000 - 0x00007ffad6d08000 	C:\WINDOWS\SYSTEM32\kernel.appcore.dll
0x00007ffad0cc0000 - 0x00007ffad0cca000 	C:\Program Files\Java\jdk-14.0.2\bin\jimage.dll
0x00007fface650000 - 0x00007fface87e000 	C:\WINDOWS\SYSTEM32\DBGHELP.DLL
0x00007ffada130000 - 0x00007ffada4b9000 	C:\WINDOWS\System32\combase.dll
0x00007ffad9240000 - 0x00007ffad9317000 	C:\WINDOWS\System32\OLEAUT32.dll
0x00007ffaba9d0000 - 0x00007ffabaa02000 	C:\WINDOWS\SYSTEM32\dbgcore.DLL
0x00007ffad7ca0000 - 0x00007ffad7d1b000 	C:\WINDOWS\System32\bcryptPrimitives.dll
0x00007ffac4660000 - 0x00007ffac4685000 	C:\Program Files\Java\jdk-14.0.2\bin\java.dll
0x00007ffac4640000 - 0x00007ffac4656000 	C:\Program Files\Java\jdk-14.0.2\bin\zip.dll

dbghelp: loaded successfully - version: 4.0.5 - missing functions: none
symbol engine: initialized successfully - sym options: 0x614 - pdb path: .;C:\Program Files\Java\jdk-14.0.2\bin;C:\WINDOWS\SYSTEM32;C:\WINDOWS\WinSxS\amd64_microsoft.windows.common-controls_6595b64144ccf1df_6.0.22621.608_none_a9444ca7c10bb01d;C:\Program Files\Java\jdk-14.0.2\bin\server

VM Arguments:
jvm_args: -XX:+ShowCodeDetailsInExceptionMessages 
java_command: App
java_class_path (initial): C:\Users\nk733\Desktop\New folder\java projects\Machine\MachineRound\bin;c:\Users\nk733\Desktop\New folder\sqljdbc_12.2.0.0_enu\sqljdbc_12.2\enu\mssql-jdbc-12.2.0.jre11.jar
Launcher Type: SUN_STANDARD

[Global flags]
     intx CICompilerCount                          = 4                                         {product} {ergonomic}
     uint ConcGCThreads                            = 2                                         {product} {ergonomic}
     uint G1ConcRefinementThreads                  = 8                                         {product} {ergonomic}
   size_t G1HeapRegionSize                         = 1048576                                   {product} {ergonomic}
    uintx GCDrainStackTargetSize                   = 64                                        {product} {ergonomic}
   size_t InitialHeapSize                          = 132120576                                 {product} {ergonomic}
   size_t MarkStackSize                            = 4194304                                   {product} {ergonomic}
   size_t MaxHeapSize                              = 2109734912                                {product} {ergonomic}
   size_t MinHeapDeltaBytes                        = 1048576                                   {product} {ergonomic}
   size_t MinHeapSize                              = 8388608                                   {product} {ergonomic}
    uintx NonNMethodCodeHeapSize                   = 5839372                                {pd product} {ergonomic}
    uintx NonProfiledCodeHeapSize                  = 122909434                              {pd product} {ergonomic}
    uintx ProfiledCodeHeapSize                     = 122909434                              {pd product} {ergonomic}
    uintx ReservedCodeCacheSize                    = 251658240                              {pd product} {ergonomic}
     bool SegmentedCodeCache                       = true                                      {product} {ergonomic}
     bool ShowCodeDetailsInExceptionMessages       = true                                   {manageable} {command line}
   size_t SoftMaxHeapSize                          = 2109734912                             {manageable} {ergonomic}
     bool UseCompressedClassPointers               = true                                 {lp64_product} {ergonomic}
     bool UseCompressedOops                        = true                                 {lp64_product} {ergonomic}
     bool UseG1GC                                  = true                                      {product} {ergonomic}
     bool UseLargePagesIndividualAllocation        = false                                  {pd product} {ergonomic}

Logging:
Log output configuration:
 #0: stdout all=warning uptime,level,tags
 #1: stderr all=off uptime,level,tags

Environment Variables:
JAVA_HOME=C:\Program Files\Java\jdk-14.0.2
PATH=C:\Program Files\Common Files\Oracle\Java\javapath;C:\Program Files (x86)\VMware\VMware Player\bin\;C:\Program Files\Java\jdk-14.0.2\bin;C:\Program Files (x86)\Common Files\Oracle\Java\javapath;C:\Windows\system32;C:\Windows;C:\Windows\System32\Wbem;C:\Windows\System32\WindowsPowerShell\v1.0\;C:\Windows\System32\OpenSSH\;C:\Program Files (x86)\NVIDIA Corporation\PhysX\Common;C:\Program Files\NVIDIA Corporation\NVIDIA NvDLISR;C:\MinGW\bin;E:\flutter\bin;C:\WINDOWS\system32;C:\WINDOWS;C:\WINDOWS\System32\Wbem;C:\WINDOWS\System32\WindowsPowerShell\v1.0\;C:\WINDOWS\System32\OpenSSH\;C:\Android;C:\Program Files\Git\cmd;C:\Program Files\nodejs\;C:\Program Files\Maven\apache-maven-3.9.0\bin;C:\Program Files (x86)\Microsoft SQL Server\160\Tools\Binn\;C:\Program Files\Microsoft SQL Server\160\Tools\Binn\;C:\Program Files\Microsoft SQL Server\Client SDK\ODBC\170\Tools\Binn\;C:\Program Files\Microsoft SQL Server\160\DTS\Binn\;C:\Program Files (x86)\Microsoft SQL Server\160\DTS\Binn\;C:\Program Files\Azure Data Studio\bin;C:\Program Files\MySQL\MySQL Shell 8.0\bin\;C:\Users\nk733\AppData\Local\Programs\Python\Python39\Scripts\;C:\Users\nk733\AppData\Local\Programs\Python\Python39\;C:\Users\nk733\AppData\Local\Microsoft\WindowsApps;C:\Program Files\JetBrains\IntelliJ IDEA Community Edition 2020.2.1\bin;;C:\Users\nk733\AppData\Local\Programs\Microsoft VS Code\bin;C:\src\flutter\bin;C:\Users\nk733\AppData\Local\Android\tools;C:\Users\nk733\AppData\Local\Android\platform tools;C:\Users\nk733\AppData\Local\Pandoc\;C:\Program Files\heroku\bin;C:\Program Files\MongoDB\Server\6.0\bin\;C:\Users\nk733\AppData\Roaming\npm;C:\Program Files\Azure Data Studio\bin
USERNAME=nk733
OS=Windows_NT
PROCESSOR_IDENTIFIER=Intel64 Family 6 Model 158 Stepping 10, GenuineIntel



---------------  S Y S T E M  ---------------

OS: Windows 10 , 64 bit Build 22621 (10.0.22621.1344)
OS uptime: 0 days 3:32 hours

CPU:total 8 (initial active 8) (4 cores per cpu, 2 threads per core) family 6 model 158 stepping 10, cmov, cx8, fxsr, mmx, sse, sse2, sse3, ssse3, sse4.1, sse4.2, popcnt, avx, avx2, aes, clmul, erms, 3dnowpref, lzcnt, ht, tsc, tscinvbit, bmi1, bmi2, adx, fma

Memory: 4k page, system-wide physical 8044M (423M free)
TotalPageFile size 24428M (AvailPageFile size 133M)
current process WorkingSet (physical memory assigned to process): 11M, peak: 11M
current process commit charge ("private bytes"): 60M, peak: 186M

vm_info: Java HotSpot(TM) 64-Bit Server VM (14.0.2+12-46) for windows-amd64 JRE (14.0.2+12-46), built on Jul  9 2020 00:35:52 by "mach5one" with MS VC++ 15.9 (VS2017)

END.
